<?xml version="1.0" encoding="UTF-8"?>
<!-- Generated by org.testng.reporters.JUnitReportReporter -->
<testsuite hostname="water7878778-All-Series" failures="0" tests="1" name="payment.ContractVerifierTest" time="0.368" errors="0" timestamp="29 Apr 2020 06:51:12 GMT">
  <testcase classname="payment.ContractVerifierTest" name="validate_payment" time="0.368"/>
</testsuite> <!-- payment.ContractVerifierTest -->
