<?xml version="1.0" encoding="UTF-8"?>
<!-- Generated by org.testng.reporters.JUnitReportReporter -->
<testsuite hostname="water7878778-All-Series" failures="0" tests="2" name="payment.PaymentTest" time="0.007" errors="0" timestamp="29 Apr 2020 06:50:35 GMT">
  <testcase classname="payment.PaymentTest" name="testIndex" time="0.004"/>
  <testcase classname="payment.PaymentTest" name="testPayment" time="0.003"/>
</testsuite> <!-- payment.PaymentTest -->
